<?xml version="1.0" encoding="UTF-8"?>
<!-- Generated by org.testng.reporters.JUnitReportReporter -->
<testsuite hostname="Adarsh" failures="0" tests="1" name="actitime.practice.SampleTest" time="37.487" errors="0" timestamp="2021-07-02T21:23:01 IST" skipped="0">
  <testcase classname="actitime.practice.SampleTest" name="sample" time="37.487"/>
  <system-out/>
</testsuite> <!-- actitime.practice.SampleTest -->
