<?xml version="1.0" encoding="UTF-8"?>
<!-- Generated by org.testng.reporters.JUnitReportReporter -->
<testsuite hostname="Adarsh" failures="0" tests="1" name="testngPractice.SampleTest" time="28.926" errors="0" timestamp="2021-07-02T23:33:07 IST" skipped="0">
  <testcase classname="testngPractice.SampleTest" name="sample" time="28.926"/>
  <system-out/>
</testsuite> <!-- testngPractice.SampleTest -->
