<?xml version="1.0" encoding="UTF-8"?>
<!-- Generated by org.testng.reporters.JUnitReportReporter -->
<testsuite hostname="Adarsh" failures="0" tests="2" name="actitime.practice.DemoTest" time="98.337" errors="0" timestamp="2021-07-02T21:56:08 IST" skipped="0">
  <testcase classname="actitime.practice.DemoTest" name="demo" time="50.956"/>
  <system-out/>
  <testcase classname="actitime.practice.DemoTest" name="demo" time="47.381"/>
  <system-out/>
</testsuite> <!-- actitime.practice.DemoTest -->
