<?xml version="1.0" encoding="UTF-8"?>
<!-- Generated by org.testng.reporters.JUnitReportReporter -->
<testsuite hostname="Adarsh" failures="0" tests="1" name="actitime.practice.HomePageTitleTest" time="34.716" errors="0" timestamp="2021-07-06T22:03:14 IST" skipped="0">
  <testcase classname="actitime.practice.HomePageTitleTest" name="timeTrackText" time="34.716"/>
  <system-out/>
</testsuite> <!-- actitime.practice.HomePageTitleTest -->
