<?xml version="1.0" encoding="UTF-8"?>
<!-- Generated by org.testng.reporters.JUnitReportReporter -->
<testsuite hostname="Adarsh" failures="0" tests="1" name="actitime.practice.loginAndlogoutTest" time="44.032" errors="0" timestamp="2021-07-01T23:43:57 IST" skipped="0">
  <testcase classname="actitime.practice.loginAndlogoutTest" name="login" time="44.032"/>
  <system-out/>
</testsuite> <!-- actitime.practice.loginAndlogoutTest -->
